[0m15:51:01.442365 [debug] [MainThread]: Sending event: {'category': 'dbt', 'action': 'invocation', 'label': 'start', 'context': [<snowplow_tracker.self_describing_json.SelfDescribingJson object at 0x00000196ABB28530>, <snowplow_tracker.self_describing_json.SelfDescribingJson object at 0x00000196AF4E6090>, <snowplow_tracker.self_describing_json.SelfDescribingJson object at 0x00000196AE8D3EC0>]}


============================== 15:51:01.446363 | 0cdeea87-9bbd-492b-8348-2f9aa1527207 ==============================
[0m15:51:01.446363 [info ] [MainThread]: Running with dbt=1.11.12
[0m15:51:01.446363 [debug] [MainThread]: running dbt with arguments {'version_check': 'True', 'no_print': 'None', 'static_parser': 'True', 'target_path': 'None', 'warn_error_options': 'WarnErrorOptionsV2(error=[], warn=[], silence=[])', 'printer_width': '80', 'write_json': 'True', 'introspect': 'True', 'log_cache_events': 'False', 'empty': 'None', 'cache_selected_only': 'False', 'log_format': 'default', 'debug': 'False', 'fail_fast': 'False', 'partial_parse': 'True', 'send_anonymous_usage_stats': 'True', 'quiet': 'False', 'warn_error': 'None', 'profiles_dir': 'C:\\Users\\adamg\\.dbt', 'use_colors': 'True', 'invocation_command': 'dbt init', 'indirect_selection': 'eager', 'use_experimental_parser': 'False', 'log_path': 'logs'}
[0m15:51:01.464912 [info ] [MainThread]: Creating dbt configuration folder at C:\Users\adamg\.dbt
[0m15:51:24.111522 [debug] [MainThread]: Starter project path: C:\Users\adamg\AppData\Roaming\Python\Python312\site-packages\dbt\include\starter_project
[0m15:51:24.136920 [info ] [MainThread]: 
Your new dbt project "n_n" was created!

For more information on how to configure the profiles.yml file,
please consult the dbt documentation here:

  https://docs.getdbt.com/docs/configure-your-profile

One more thing:

Need help? Don't hesitate to reach out to us via GitHub issues or on Slack:

  https://community.getdbt.com/

Happy modeling!

[0m15:51:24.137529 [info ] [MainThread]: Setting up your profile.
[0m15:51:34.406178 [debug] [MainThread]: Snowflake adapter: Setting snowflake.connector to ERROR (file logging only)
[0m15:51:34.407186 [debug] [MainThread]: Snowflake adapter: Setting botocore to ERROR (file logging only)
[0m15:51:34.407186 [debug] [MainThread]: Snowflake adapter: Setting boto3 to ERROR (file logging only)
[0m15:57:43.492346 [info ] [MainThread]: Profile n_n written to C:\Users\adamg\.dbt\profiles.yml using target's profile_template.yml and your supplied values. Run 'dbt debug' to validate the connection.
[0m15:57:43.494355 [debug] [MainThread]: Command `dbt init` succeeded at 15:57:43.494355 after 402.17 seconds
[0m15:57:43.494355 [debug] [MainThread]: Sending event: {'category': 'dbt', 'action': 'invocation', 'label': 'end', 'context': [<snowplow_tracker.self_describing_json.SelfDescribingJson object at 0x00000196ABACDEB0>, <snowplow_tracker.self_describing_json.SelfDescribingJson object at 0x00000196D08845C0>, <snowplow_tracker.self_describing_json.SelfDescribingJson object at 0x00000196D0918E00>]}
[0m15:57:43.495353 [debug] [MainThread]: Flushing usage events
[0m15:57:44.163655 [debug] [MainThread]: An error was encountered while trying to flush usage events
